<?xml version="1.0" encoding="UTF-8"?>
<testsuite xmlns:xsi="http://www.w3.org/2001/XMLSchema-instance" xsi:noNamespaceSchemaLocation="https://maven.apache.org/surefire/maven-surefire-plugin/xsd/surefire-test-report-3.0.xsd" version="3.0" name="TestSuite" time="209.491" tests="2" errors="0" skipped="0" failures="1">
  <properties>
    <property name="sun.desktop" value="windows"/>
    <property name="awt.toolkit" value="sun.awt.windows.WToolkit"/>
    <property name="file.encoding.pkg" value="sun.io"/>
    <property name="java.specification.version" value="1.8"/>
    <property name="sun.cpu.isalist" value="amd64"/>
    <property name="sun.jnu.encoding" value="Cp1252"/>
    <property name="java.class.path" value="D:\eclipse\eclipse\Javaprojects\CucumberPOM\target\test-classes;D:\eclipse\eclipse\Javaprojects\CucumberPOM\target\classes;C:\Users\rosary.venkatraman\.m2\repository\org\testng\testng\6.14.3\testng-6.14.3.jar;C:\Users\rosary.venkatraman\.m2\repository\com\beust\jcommander\1.72\jcommander-1.72.jar;C:\Users\rosary.venkatraman\.m2\repository\org\apache-extras\beanshell\bsh\2.0b6\bsh-2.0b6.jar;C:\Users\rosary.venkatraman\.m2\repository\org\seleniumhq\selenium\selenium-java\3.141.59\selenium-java-3.141.59.jar;C:\Users\rosary.venkatraman\.m2\repository\org\seleniumhq\selenium\selenium-api\3.141.59\selenium-api-3.141.59.jar;C:\Users\rosary.venkatraman\.m2\repository\org\seleniumhq\selenium\selenium-chrome-driver\3.141.59\selenium-chrome-driver-3.141.59.jar;C:\Users\rosary.venkatraman\.m2\repository\org\seleniumhq\selenium\selenium-edge-driver\3.141.59\selenium-edge-driver-3.141.59.jar;C:\Users\rosary.venkatraman\.m2\repository\org\seleniumhq\selenium\selenium-firefox-driver\3.141.59\selenium-firefox-driver-3.141.59.jar;C:\Users\rosary.venkatraman\.m2\repository\org\seleniumhq\selenium\selenium-ie-driver\3.141.59\selenium-ie-driver-3.141.59.jar;C:\Users\rosary.venkatraman\.m2\repository\org\seleniumhq\selenium\selenium-opera-driver\3.141.59\selenium-opera-driver-3.141.59.jar;C:\Users\rosary.venkatraman\.m2\repository\org\seleniumhq\selenium\selenium-remote-driver\3.141.59\selenium-remote-driver-3.141.59.jar;C:\Users\rosary.venkatraman\.m2\repository\org\seleniumhq\selenium\selenium-safari-driver\3.141.59\selenium-safari-driver-3.141.59.jar;C:\Users\rosary.venkatraman\.m2\repository\org\seleniumhq\selenium\selenium-support\3.141.59\selenium-support-3.141.59.jar;C:\Users\rosary.venkatraman\.m2\repository\net\bytebuddy\byte-buddy\1.8.15\byte-buddy-1.8.15.jar;C:\Users\rosary.venkatraman\.m2\repository\org\apache\commons\commons-exec\1.3\commons-exec-1.3.jar;C:\Users\rosary.venkatraman\.m2\repository\com\google\guava\guava\25.0-jre\guava-25.0-jre.jar;C:\Users\rosary.venkatraman\.m2\repository\com\google\code\findbugs\jsr305\1.3.9\jsr305-1.3.9.jar;C:\Users\rosary.venkatraman\.m2\repository\org\checkerframework\checker-compat-qual\2.0.0\checker-compat-qual-2.0.0.jar;C:\Users\rosary.venkatraman\.m2\repository\com\google\errorprone\error_prone_annotations\2.1.3\error_prone_annotations-2.1.3.jar;C:\Users\rosary.venkatraman\.m2\repository\com\google\j2objc\j2objc-annotations\1.1\j2objc-annotations-1.1.jar;C:\Users\rosary.venkatraman\.m2\repository\org\codehaus\mojo\animal-sniffer-annotations\1.14\animal-sniffer-annotations-1.14.jar;C:\Users\rosary.venkatraman\.m2\repository\com\squareup\okhttp3\okhttp\3.11.0\okhttp-3.11.0.jar;C:\Users\rosary.venkatraman\.m2\repository\com\squareup\okio\okio\1.14.0\okio-1.14.0.jar;C:\Users\rosary.venkatraman\.m2\repository\io\github\bonigarcia\webdrivermanager\3.8.1\webdrivermanager-3.8.1.jar;C:\Users\rosary.venkatraman\.m2\repository\org\slf4j\slf4j-api\1.7.25\slf4j-api-1.7.25.jar;C:\Users\rosary.venkatraman\.m2\repository\commons-io\commons-io\2.6\commons-io-2.6.jar;C:\Users\rosary.venkatraman\.m2\repository\com\google\code\gson\gson\2.8.5\gson-2.8.5.jar;C:\Users\rosary.venkatraman\.m2\repository\org\apache\commons\commons-lang3\3.8.1\commons-lang3-3.8.1.jar;C:\Users\rosary.venkatraman\.m2\repository\org\apache\httpcomponents\httpclient\4.5.6\httpclient-4.5.6.jar;C:\Users\rosary.venkatraman\.m2\repository\org\apache\httpcomponents\httpcore\4.4.10\httpcore-4.4.10.jar;C:\Users\rosary.venkatraman\.m2\repository\commons-logging\commons-logging\1.2\commons-logging-1.2.jar;C:\Users\rosary.venkatraman\.m2\repository\commons-codec\commons-codec\1.10\commons-codec-1.10.jar;C:\Users\rosary.venkatraman\.m2\repository\org\rauschig\jarchivelib\1.0.0\jarchivelib-1.0.0.jar;C:\Users\rosary.venkatraman\.m2\repository\org\apache\commons\commons-compress\1.18\commons-compress-1.18.jar;C:\Users\rosary.venkatraman\.m2\repository\org\jsoup\jsoup\1.11.3\jsoup-1.11.3.jar;C:\Users\rosary.venkatraman\.m2\repository\info\cukes\cucumber-java\1.2.5\cucumber-java-1.2.5.jar;C:\Users\rosary.venkatraman\.m2\repository\info\cukes\cucumber-core\1.2.5\cucumber-core-1.2.5.jar;C:\Users\rosary.venkatraman\.m2\repository\info\cukes\cucumber-html\0.2.3\cucumber-html-0.2.3.jar;C:\Users\rosary.venkatraman\.m2\repository\info\cukes\gherkin\2.12.2\gherkin-2.12.2.jar;C:\Users\rosary.venkatraman\.m2\repository\info\cukes\cucumber-jvm-deps\1.0.5\cucumber-jvm-deps-1.0.5.jar;C:\Users\rosary.venkatraman\.m2\repository\info\cukes\cucumber-testng\1.2.5\cucumber-testng-1.2.5.jar;C:\Users\rosary.venkatraman\.m2\repository\net\masterthought\cucumber-reporting\3.8.0\cucumber-reporting-3.8.0.jar;C:\Users\rosary.venkatraman\.m2\repository\com\fasterxml\jackson\core\jackson-databind\2.8.5\jackson-databind-2.8.5.jar;C:\Users\rosary.venkatraman\.m2\repository\com\fasterxml\jackson\core\jackson-annotations\2.8.0\jackson-annotations-2.8.0.jar;C:\Users\rosary.venkatraman\.m2\repository\com\fasterxml\jackson\core\jackson-core\2.8.5\jackson-core-2.8.5.jar;C:\Users\rosary.venkatraman\.m2\repository\org\apache\velocity\velocity\1.7\velocity-1.7.jar;C:\Users\rosary.venkatraman\.m2\repository\commons-collections\commons-collections\3.2.1\commons-collections-3.2.1.jar;C:\Users\rosary.venkatraman\.m2\repository\commons-lang\commons-lang\2.4\commons-lang-2.4.jar;C:\Users\rosary.venkatraman\.m2\repository\velocity-tools\velocity-tools\1.4\velocity-tools-1.4.jar;C:\Users\rosary.venkatraman\.m2\repository\joda-time\joda-time\2.9.6\joda-time-2.9.6.jar;C:\Users\rosary.venkatraman\.m2\repository\net\lingala\zip4j\zip4j\1.3.2\zip4j-1.3.2.jar;C:\Users\rosary.venkatraman\.m2\repository\org\codehaus\plexus\plexus-utils\3.0.24\plexus-utils-3.0.24.jar;C:\Users\rosary.venkatraman\.m2\repository\com\googlecode\owasp-java-html-sanitizer\owasp-java-html-sanitizer\20160924.1\owasp-java-html-sanitizer-20160924.1.jar;C:\Users\rosary.venkatraman\.m2\repository\org\apache\logging\log4j\log4j-api\2.6.1\log4j-api-2.6.1.jar;C:\Users\rosary.venkatraman\.m2\repository\org\apache\logging\log4j\log4j-core\2.6.1\log4j-core-2.6.1.jar;"/>
    <property name="java.vm.vendor" value="Oracle Corporation"/>
    <property name="sun.arch.data.model" value="64"/>
    <property name="user.variant" value=""/>
    <property name="java.vendor.url" value="http://java.oracle.com/"/>
    <property name="user.timezone" value="Asia/Calcutta"/>
    <property name="java.vm.specification.version" value="1.8"/>
    <property name="os.name" value="Windows 10"/>
    <property name="user.country" value="US"/>
    <property name="sun.java.launcher" value="SUN_STANDARD"/>
    <property name="sun.boot.library.path" value="C:\Program Files\Java\jdk1.8.0_161\jre\bin"/>
    <property name="sun.java.command" value="C:\Users\rosary.venkatraman\AppData\Local\Temp\surefire5696753813428806801\surefirebooter7439087407729729119.jar C:\Users\rosary.venkatraman\AppData\Local\Temp\surefire5696753813428806801 2020-03-18T16-55-44_003-jvmRun1 surefire1609242056631458640tmp surefire_01445466981197168945tmp"/>
    <property name="surefire.test.class.path" value="D:\eclipse\eclipse\Javaprojects\CucumberPOM\target\test-classes;D:\eclipse\eclipse\Javaprojects\CucumberPOM\target\classes;C:\Users\rosary.venkatraman\.m2\repository\org\testng\testng\6.14.3\testng-6.14.3.jar;C:\Users\rosary.venkatraman\.m2\repository\com\beust\jcommander\1.72\jcommander-1.72.jar;C:\Users\rosary.venkatraman\.m2\repository\org\apache-extras\beanshell\bsh\2.0b6\bsh-2.0b6.jar;C:\Users\rosary.venkatraman\.m2\repository\org\seleniumhq\selenium\selenium-java\3.141.59\selenium-java-3.141.59.jar;C:\Users\rosary.venkatraman\.m2\repository\org\seleniumhq\selenium\selenium-api\3.141.59\selenium-api-3.141.59.jar;C:\Users\rosary.venkatraman\.m2\repository\org\seleniumhq\selenium\selenium-chrome-driver\3.141.59\selenium-chrome-driver-3.141.59.jar;C:\Users\rosary.venkatraman\.m2\repository\org\seleniumhq\selenium\selenium-edge-driver\3.141.59\selenium-edge-driver-3.141.59.jar;C:\Users\rosary.venkatraman\.m2\repository\org\seleniumhq\selenium\selenium-firefox-driver\3.141.59\selenium-firefox-driver-3.141.59.jar;C:\Users\rosary.venkatraman\.m2\repository\org\seleniumhq\selenium\selenium-ie-driver\3.141.59\selenium-ie-driver-3.141.59.jar;C:\Users\rosary.venkatraman\.m2\repository\org\seleniumhq\selenium\selenium-opera-driver\3.141.59\selenium-opera-driver-3.141.59.jar;C:\Users\rosary.venkatraman\.m2\repository\org\seleniumhq\selenium\selenium-remote-driver\3.141.59\selenium-remote-driver-3.141.59.jar;C:\Users\rosary.venkatraman\.m2\repository\org\seleniumhq\selenium\selenium-safari-driver\3.141.59\selenium-safari-driver-3.141.59.jar;C:\Users\rosary.venkatraman\.m2\repository\org\seleniumhq\selenium\selenium-support\3.141.59\selenium-support-3.141.59.jar;C:\Users\rosary.venkatraman\.m2\repository\net\bytebuddy\byte-buddy\1.8.15\byte-buddy-1.8.15.jar;C:\Users\rosary.venkatraman\.m2\repository\org\apache\commons\commons-exec\1.3\commons-exec-1.3.jar;C:\Users\rosary.venkatraman\.m2\repository\com\google\guava\guava\25.0-jre\guava-25.0-jre.jar;C:\Users\rosary.venkatraman\.m2\repository\com\google\code\findbugs\jsr305\1.3.9\jsr305-1.3.9.jar;C:\Users\rosary.venkatraman\.m2\repository\org\checkerframework\checker-compat-qual\2.0.0\checker-compat-qual-2.0.0.jar;C:\Users\rosary.venkatraman\.m2\repository\com\google\errorprone\error_prone_annotations\2.1.3\error_prone_annotations-2.1.3.jar;C:\Users\rosary.venkatraman\.m2\repository\com\google\j2objc\j2objc-annotations\1.1\j2objc-annotations-1.1.jar;C:\Users\rosary.venkatraman\.m2\repository\org\codehaus\mojo\animal-sniffer-annotations\1.14\animal-sniffer-annotations-1.14.jar;C:\Users\rosary.venkatraman\.m2\repository\com\squareup\okhttp3\okhttp\3.11.0\okhttp-3.11.0.jar;C:\Users\rosary.venkatraman\.m2\repository\com\squareup\okio\okio\1.14.0\okio-1.14.0.jar;C:\Users\rosary.venkatraman\.m2\repository\io\github\bonigarcia\webdrivermanager\3.8.1\webdrivermanager-3.8.1.jar;C:\Users\rosary.venkatraman\.m2\repository\org\slf4j\slf4j-api\1.7.25\slf4j-api-1.7.25.jar;C:\Users\rosary.venkatraman\.m2\repository\commons-io\commons-io\2.6\commons-io-2.6.jar;C:\Users\rosary.venkatraman\.m2\repository\com\google\code\gson\gson\2.8.5\gson-2.8.5.jar;C:\Users\rosary.venkatraman\.m2\repository\org\apache\commons\commons-lang3\3.8.1\commons-lang3-3.8.1.jar;C:\Users\rosary.venkatraman\.m2\repository\org\apache\httpcomponents\httpclient\4.5.6\httpclient-4.5.6.jar;C:\Users\rosary.venkatraman\.m2\repository\org\apache\httpcomponents\httpcore\4.4.10\httpcore-4.4.10.jar;C:\Users\rosary.venkatraman\.m2\repository\commons-logging\commons-logging\1.2\commons-logging-1.2.jar;C:\Users\rosary.venkatraman\.m2\repository\commons-codec\commons-codec\1.10\commons-codec-1.10.jar;C:\Users\rosary.venkatraman\.m2\repository\org\rauschig\jarchivelib\1.0.0\jarchivelib-1.0.0.jar;C:\Users\rosary.venkatraman\.m2\repository\org\apache\commons\commons-compress\1.18\commons-compress-1.18.jar;C:\Users\rosary.venkatraman\.m2\repository\org\jsoup\jsoup\1.11.3\jsoup-1.11.3.jar;C:\Users\rosary.venkatraman\.m2\repository\info\cukes\cucumber-java\1.2.5\cucumber-java-1.2.5.jar;C:\Users\rosary.venkatraman\.m2\repository\info\cukes\cucumber-core\1.2.5\cucumber-core-1.2.5.jar;C:\Users\rosary.venkatraman\.m2\repository\info\cukes\cucumber-html\0.2.3\cucumber-html-0.2.3.jar;C:\Users\rosary.venkatraman\.m2\repository\info\cukes\gherkin\2.12.2\gherkin-2.12.2.jar;C:\Users\rosary.venkatraman\.m2\repository\info\cukes\cucumber-jvm-deps\1.0.5\cucumber-jvm-deps-1.0.5.jar;C:\Users\rosary.venkatraman\.m2\repository\info\cukes\cucumber-testng\1.2.5\cucumber-testng-1.2.5.jar;C:\Users\rosary.venkatraman\.m2\repository\net\masterthought\cucumber-reporting\3.8.0\cucumber-reporting-3.8.0.jar;C:\Users\rosary.venkatraman\.m2\repository\com\fasterxml\jackson\core\jackson-databind\2.8.5\jackson-databind-2.8.5.jar;C:\Users\rosary.venkatraman\.m2\repository\com\fasterxml\jackson\core\jackson-annotations\2.8.0\jackson-annotations-2.8.0.jar;C:\Users\rosary.venkatraman\.m2\repository\com\fasterxml\jackson\core\jackson-core\2.8.5\jackson-core-2.8.5.jar;C:\Users\rosary.venkatraman\.m2\repository\org\apache\velocity\velocity\1.7\velocity-1.7.jar;C:\Users\rosary.venkatraman\.m2\repository\commons-collections\commons-collections\3.2.1\commons-collections-3.2.1.jar;C:\Users\rosary.venkatraman\.m2\repository\commons-lang\commons-lang\2.4\commons-lang-2.4.jar;C:\Users\rosary.venkatraman\.m2\repository\velocity-tools\velocity-tools\1.4\velocity-tools-1.4.jar;C:\Users\rosary.venkatraman\.m2\repository\joda-time\joda-time\2.9.6\joda-time-2.9.6.jar;C:\Users\rosary.venkatraman\.m2\repository\net\lingala\zip4j\zip4j\1.3.2\zip4j-1.3.2.jar;C:\Users\rosary.venkatraman\.m2\repository\org\codehaus\plexus\plexus-utils\3.0.24\plexus-utils-3.0.24.jar;C:\Users\rosary.venkatraman\.m2\repository\com\googlecode\owasp-java-html-sanitizer\owasp-java-html-sanitizer\20160924.1\owasp-java-html-sanitizer-20160924.1.jar;C:\Users\rosary.venkatraman\.m2\repository\org\apache\logging\log4j\log4j-api\2.6.1\log4j-api-2.6.1.jar;C:\Users\rosary.venkatraman\.m2\repository\org\apache\logging\log4j\log4j-core\2.6.1\log4j-core-2.6.1.jar;"/>
    <property name="sun.cpu.endian" value="little"/>
    <property name="user.home" value="C:\Users\rosary.venkatraman"/>
    <property name="user.language" value="en"/>
    <property name="java.specification.vendor" value="Oracle Corporation"/>
    <property name="java.home" value="C:\Program Files\Java\jdk1.8.0_161\jre"/>
    <property name="basedir" value="D:\eclipse\eclipse\Javaprojects\CucumberPOM"/>
    <property name="file.separator" value="\"/>
    <property name="line.separator" value="&#10;"/>
    <property name="java.vm.specification.vendor" value="Oracle Corporation"/>
    <property name="java.specification.name" value="Java Platform API Specification"/>
    <property name="java.awt.graphicsenv" value="sun.awt.Win32GraphicsEnvironment"/>
    <property name="surefire.real.class.path" value="C:\Users\rosary.venkatraman\AppData\Local\Temp\surefire5696753813428806801\surefirebooter7439087407729729119.jar"/>
    <property name="sun.boot.class.path" value="C:\Program Files\Java\jdk1.8.0_161\jre\lib\resources.jar;C:\Program Files\Java\jdk1.8.0_161\jre\lib\rt.jar;C:\Program Files\Java\jdk1.8.0_161\jre\lib\sunrsasign.jar;C:\Program Files\Java\jdk1.8.0_161\jre\lib\jsse.jar;C:\Program Files\Java\jdk1.8.0_161\jre\lib\jce.jar;C:\Program Files\Java\jdk1.8.0_161\jre\lib\charsets.jar;C:\Program Files\Java\jdk1.8.0_161\jre\lib\jfr.jar;C:\Program Files\Java\jdk1.8.0_161\jre\classes"/>
    <property name="user.script" value=""/>
    <property name="sun.management.compiler" value="HotSpot 64-Bit Tiered Compilers"/>
    <property name="java.runtime.version" value="1.8.0_161-b12"/>
    <property name="user.name" value="rosary.venkatraman"/>
    <property name="path.separator" value=";"/>
    <property name="os.version" value="10.0"/>
    <property name="java.endorsed.dirs" value="C:\Program Files\Java\jdk1.8.0_161\jre\lib\endorsed"/>
    <property name="java.runtime.name" value="Java(TM) SE Runtime Environment"/>
    <property name="file.encoding" value="Cp1252"/>
    <property name="java.vm.name" value="Java HotSpot(TM) 64-Bit Server VM"/>
    <property name="localRepository" value="C:\Users\rosary.venkatraman\.m2\repository"/>
    <property name="java.vendor.url.bug" value="http://bugreport.sun.com/bugreport/"/>
    <property name="java.io.tmpdir" value="C:\Users\ROSARY~1.VEN\AppData\Local\Temp\"/>
    <property name="java.version" value="1.8.0_161"/>
    <property name="user.dir" value="D:\eclipse\eclipse\Javaprojects\CucumberPOM"/>
    <property name="os.arch" value="amd64"/>
    <property name="java.vm.specification.name" value="Java Virtual Machine Specification"/>
    <property name="java.awt.printerjob" value="sun.awt.windows.WPrinterJob"/>
    <property name="sun.os.patch.level" value=""/>
    <property name="java.library.path" value="C:\Program Files\Java\jdk1.8.0_161\jre\bin;C:\WINDOWS\Sun\Java\bin;C:\WINDOWS\system32;C:\WINDOWS;C:\ProgramData\Oracle\Java\javapath;C:\WINDOWS\system32;C:\WINDOWS;C:\WINDOWS\System32\Wbem;C:\WINDOWS\System32\WindowsPowerShell\v1.0\;C:\Program Files\Java\jdk1.8.0_161\bin;C:\WINDOWS\System32\OpenSSH\;C:\Program Files\PuTTY\;D:\eclipse\apache-maven-3.6.3\bin;D:\eclipse\allure-2.13.1\bin;C:\Program Files\Java\jdk1.8.0_161\bin;C:\Users\rosary.venkatraman\AppData\Local\Microsoft\WindowsApps;;."/>
    <property name="java.vm.info" value="mixed mode"/>
    <property name="java.vendor" value="Oracle Corporation"/>
    <property name="java.vm.version" value="25.161-b12"/>
    <property name="java.ext.dirs" value="C:\Program Files\Java\jdk1.8.0_161\jre\lib\ext;C:\WINDOWS\Sun\Java\lib\ext"/>
    <property name="sun.io.unicode.encoding" value="UnicodeLittle"/>
    <property name="java.class.version" value="52.0"/>
  </properties>
  <testcase name="feature" classname="com.qa.runner.TestRunner" time="151.299"/>
  <testcase name="feature" classname="com.qa.runner.TestRunner" time="57.583">
    <failure message="java.lang.AssertionError: expected [Automation | Broker Quick Actions] but found [Automation | Login]" type="cucumber.runtime.CucumberException">cucumber.runtime.CucumberException: java.lang.AssertionError: expected [Automation | Broker Quick Actions] but found [Automation | Login]
	at com.qa.runner.TestRunner.feature(TestRunner.java:44)
Caused by: java.lang.AssertionError: expected [Automation | Broker Quick Actions] but found [Automation | Login]
</failure>
    <system-out><![CDATA[Feature: Freshbenies Admin HomePage Test.
16:59:14.056 [main] ERROR com.qa.stepDefinitions.LoginPageSteps - invalid session id
Build info: version: '3.141.59', revision: 'e82be7d358', time: '2018-11-14T08:17:03'
System info: host: 'DESKTOP-QUFA5SU', ip: '10.100.102.22', os.name: 'Windows 10', os.arch: 'amd64', os.version: '10.0', java.version: '1.8.0_161'
Driver info: org.openqa.selenium.chrome.ChromeDriver
Capabilities {acceptInsecureCerts: false, browserName: chrome, browserVersion: 80.0.3987.132, chrome: {chromedriverVersion: 80.0.3987.106 (f68069574609..., userDataDir: C:\Users\ROSARY~1.VEN\AppDa...}, goog:chromeOptions: {debuggerAddress: localhost:63636}, javascriptEnabled: true, networkConnectionEnabled: false, pageLoadStrategy: normal, platform: WINDOWS, platformName: WINDOWS, proxy: Proxy(), setWindowRect: true, strictFileInteractability: false, timeouts: {implicit: 0, pageLoad: 300000, script: 30000}, unhandledPromptBehavior: dismiss and notify}
Session ID: 3da058a9b8f5860911dfbbd71eaa6b1e

  @Sanity
  Scenario: Validate whether all the menus and submenus are shown # 02AdminHomePage.feature:4
    Given User is in homepage                                     # HomePageSteps.user_is_in_homepage()
      java.lang.AssertionError: expected [Automation | Broker Quick Actions] but found [Automation | Login]
      	at org.testng.Assert.fail(Assert.java:96)
      	at org.testng.Assert.failNotEquals(Assert.java:776)
      	at org.testng.Assert.assertEqualsImpl(Assert.java:137)
      	at org.testng.Assert.assertEquals(Assert.java:118)
      	at org.testng.Assert.assertEquals(Assert.java:453)
      	at org.testng.Assert.assertEquals(Assert.java:463)
      	at com.qa.stepDefinitions.HomePageSteps.user_is_in_homepage(HomePageSteps.java:46)
      	at ?.Given User is in homepage(02AdminHomePage.feature:6)

    Then Verify for the submenus under the menu ActionItems       # HomePageSteps.verify_for_the_submenus_under_the_menu_ActionItems()
    Then Verify for the submenus under the menu Broker            # HomePageSteps.verify_for_the_submenus_under_the_menu_Broker()
    Then Verify for the submenus under the menu Employer          # HomePageSteps.verify_for_the_submenus_under_the_menu_Employer()
    Then Verify for the submenus under the menu Member            # HomePageSteps.verify_for_the_submenus_under_the_menu_Member()
    Then Verify for the submenus under the menu Proposals         # HomePageSteps.verify_for_the_submenus_under_the_menu_Proposals()
    Then Verify for the submenus under the menu Reports           # HomePageSteps.verify_for_the_submenus_under_the_menu_Reports()
    Then Verify for the submenus under the menu Admin             # HomePageSteps.verify_for_the_submenus_under_the_menu_Admin()
    Then Verify for the submenus under the menu ManageUser        # HomePageSteps.verify_for_the_submenus_under_the_menu_ManageUser()
    Then CloseHomePage                                            # HomePageSteps.closehomepage()
]]></system-out>
    <system-err><![CDATA[Starting ChromeDriver 80.0.3987.106 (f68069574609230cf9b635cd784cfb1bf81bb53a-refs/branch-heads/3987@{#882}) on port 15652
Only local connections are allowed.
Please protect ports used by ChromeDriver and related test frameworks to prevent access by malicious code.
[1584530899.561][WARNING]: Timed out connecting to Chrome, retrying...
Mar 18, 2020 4:58:21 PM org.openqa.selenium.remote.ProtocolHandshake createSession
INFO: Detected dialect: W3C
[1584530903.600][WARNING]: Timed out connecting to Chrome, retrying...
[1584530906.818][SEVERE]: Timed out receiving message from renderer: 0.100
[1584530906.919][SEVERE]: Timed out receiving message from renderer: 0.100
[1584530907.024][SEVERE]: Timed out receiving message from renderer: 0.100
[1584530907.126][SEVERE]: Timed out receiving message from renderer: 0.100
[1584530907.227][SEVERE]: Timed out receiving message from renderer: 0.100
[1584530907.328][SEVERE]: Timed out receiving message from renderer: 0.100
[1584530907.430][SEVERE]: Timed out receiving message from renderer: 0.100
[1584530907.531][SEVERE]: Timed out receiving message from renderer: 0.100
[1584530907.633][SEVERE]: Timed out receiving message from renderer: 0.100
[1584530907.735][SEVERE]: Timed out receiving message from renderer: 0.100
[1584530907.837][SEVERE]: Timed out receiving message from renderer: 0.100
[1584530907.937][SEVERE]: Timed out receiving message from renderer: 0.100
[1584530908.038][SEVERE]: Timed out receiving message from renderer: 0.100
[1584530908.139][SEVERE]: Timed out receiving message from renderer: 0.100
[1584530908.241][SEVERE]: Timed out receiving message from renderer: 0.100
[1584530908.342][SEVERE]: Timed out receiving message from renderer: 0.100
[1584530908.443][SEVERE]: Timed out receiving message from renderer: 0.100
[1584530908.544][SEVERE]: Timed out receiving message from renderer: 0.100
[1584530908.645][SEVERE]: Timed out receiving message from renderer: 0.100
[1584530908.746][SEVERE]: Timed out receiving message from renderer: 0.100
[1584530908.848][SEVERE]: Timed out receiving message from renderer: 0.100
[1584530908.949][SEVERE]: Timed out receiving message from renderer: 0.100
[1584530909.050][SEVERE]: Timed out receiving message from renderer: 0.100
[1584530909.151][SEVERE]: Timed out receiving message from renderer: 0.100
[1584530909.252][SEVERE]: Timed out receiving message from renderer: 0.100
[1584530909.353][SEVERE]: Timed out receiving message from renderer: 0.100
[1584530909.454][SEVERE]: Timed out receiving message from renderer: 0.100
[1584530909.556][SEVERE]: Timed out receiving message from renderer: 0.100
[1584530909.657][SEVERE]: Timed out receiving message from renderer: 0.100
[1584530909.758][SEVERE]: Timed out receiving message from renderer: 0.100
[1584530909.860][SEVERE]: Timed out receiving message from renderer: 0.100
[1584530909.961][SEVERE]: Timed out receiving message from renderer: 0.100
[1584530910.062][SEVERE]: Timed out receiving message from renderer: 0.100
[1584530910.164][SEVERE]: Timed out receiving message from renderer: 0.100
[1584530910.267][SEVERE]: Timed out receiving message from renderer: 0.100
[1584530910.369][SEVERE]: Timed out receiving message from renderer: 0.100
[1584530910.470][SEVERE]: Timed out receiving message from renderer: 0.100
[1584530910.573][SEVERE]: Timed out receiving message from renderer: 0.100
[1584530910.675][SEVERE]: Timed out receiving message from renderer: 0.100
[1584530910.778][SEVERE]: Timed out receiving message from renderer: 0.100
[1584530910.881][SEVERE]: Timed out receiving message from renderer: 0.100
[1584530910.984][SEVERE]: Timed out receiving message from renderer: 0.100
[1584530911.087][SEVERE]: Timed out receiving message from renderer: 0.100
[1584530911.190][SEVERE]: Timed out receiving message from renderer: 0.100
[1584530911.293][SEVERE]: Timed out receiving message from renderer: 0.100
[1584530911.396][SEVERE]: Timed out receiving message from renderer: 0.100
[1584530911.497][SEVERE]: Timed out receiving message from renderer: 0.100
[1584530911.644][SEVERE]: Timed out receiving message from renderer: 0.100
[1584530911.748][SEVERE]: Timed out receiving message from renderer: 0.100
[1584530911.851][SEVERE]: Timed out receiving message from renderer: 0.100
[1584530911.954][SEVERE]: Timed out receiving message from renderer: 0.100
[1584530912.119][SEVERE]: Timed out receiving message from renderer: 0.100
[1584530912.220][SEVERE]: Timed out receiving message from renderer: 0.100
[1584530912.323][SEVERE]: Timed out receiving message from renderer: 0.100
[1584530912.426][SEVERE]: Timed out receiving message from renderer: 0.100
[1584530912.530][SEVERE]: Timed out receiving message from renderer: 0.100
[1584530912.631][SEVERE]: Timed out receiving message from renderer: 0.100
[1584530912.732][SEVERE]: Timed out receiving message from renderer: 0.100
[1584530912.869][SEVERE]: Timed out receiving message from renderer: 0.100
[1584530912.972][SEVERE]: Timed out receiving message from renderer: 0.100
[1584530913.075][SEVERE]: Timed out receiving message from renderer: 0.100
[1584530913.177][SEVERE]: Timed out receiving message from renderer: 0.100
[1584530913.280][SEVERE]: Timed out receiving message from renderer: 0.100
[1584530913.381][SEVERE]: Timed out receiving message from renderer: 0.100
[1584530913.483][SEVERE]: Timed out receiving message from renderer: 0.100
[1584530913.585][SEVERE]: Timed out receiving message from renderer: 0.100
[1584530913.689][SEVERE]: Timed out receiving message from renderer: 0.100
[1584530913.790][SEVERE]: Timed out receiving message from renderer: 0.100
[1584530913.891][SEVERE]: Timed out receiving message from renderer: 0.100
[1584530913.993][SEVERE]: Timed out receiving message from renderer: 0.100
[1584530914.096][SEVERE]: Timed out receiving message from renderer: 0.100
[1584530914.199][SEVERE]: Timed out receiving message from renderer: 0.100
[1584530914.303][SEVERE]: Timed out receiving message from renderer: 0.100
[1584530914.406][SEVERE]: Timed out receiving message from renderer: 0.100
[1584530914.510][SEVERE]: Timed out receiving message from renderer: 0.100
[1584530914.614][SEVERE]: Timed out receiving message from renderer: 0.100
[1584530914.717][SEVERE]: Timed out receiving message from renderer: 0.100
[1584530914.820][SEVERE]: Timed out receiving message from renderer: 0.100
[1584530914.921][SEVERE]: Timed out receiving message from renderer: 0.100
[1584530915.023][SEVERE]: Timed out receiving message from renderer: 0.100
[1584530915.127][SEVERE]: Timed out receiving message from renderer: 0.100
[1584530915.228][SEVERE]: Timed out receiving message from renderer: 0.100
[1584530915.332][SEVERE]: Timed out receiving message from renderer: 0.100
[1584530915.435][SEVERE]: Timed out receiving message from renderer: 0.100
[1584530915.537][SEVERE]: Timed out receiving message from renderer: 0.100
[1584530915.640][SEVERE]: Timed out receiving message from renderer: 0.100
[1584530915.743][SEVERE]: Timed out receiving message from renderer: 0.100
[1584530915.846][SEVERE]: Timed out receiving message from renderer: 0.100
[1584530915.949][SEVERE]: Timed out receiving message from renderer: 0.100
[1584530916.050][SEVERE]: Timed out receiving message from renderer: 0.100
[1584530916.152][SEVERE]: Timed out receiving message from renderer: 0.100
[1584530916.255][SEVERE]: Timed out receiving message from renderer: 0.100
[1584530916.356][SEVERE]: Timed out receiving message from renderer: 0.100
[1584530916.460][SEVERE]: Timed out receiving message from renderer: 0.100
[1584530916.563][SEVERE]: Timed out receiving message from renderer: 0.100
[1584530916.666][SEVERE]: Timed out receiving message from renderer: 0.100
[1584530916.768][SEVERE]: Timed out receiving message from renderer: 0.100
[1584530916.871][SEVERE]: Timed out receiving message from renderer: 0.100
[1584530916.974][SEVERE]: Timed out receiving message from renderer: 0.100
[1584530917.077][SEVERE]: Timed out receiving message from renderer: 0.100
[1584530917.178][SEVERE]: Timed out receiving message from renderer: 0.100
[1584530917.279][SEVERE]: Timed out receiving message from renderer: 0.100
[1584530917.382][SEVERE]: Timed out receiving message from renderer: 0.100
[1584530917.485][SEVERE]: Timed out receiving message from renderer: 0.100
[1584530917.587][SEVERE]: Timed out receiving message from renderer: 0.100
[1584530917.690][SEVERE]: Timed out receiving message from renderer: 0.100
[1584530917.793][SEVERE]: Timed out receiving message from renderer: 0.100
[1584530917.897][SEVERE]: Timed out receiving message from renderer: 0.100
[1584530918.000][SEVERE]: Timed out receiving message from renderer: 0.100
[1584530918.102][SEVERE]: Timed out receiving message from renderer: 0.100
[1584530918.205][SEVERE]: Timed out receiving message from renderer: 0.100
[1584530918.308][SEVERE]: Timed out receiving message from renderer: 0.100
[1584530918.409][SEVERE]: Timed out receiving message from renderer: 0.100
[1584530918.511][SEVERE]: Timed out receiving message from renderer: 0.100
[1584530918.614][SEVERE]: Timed out receiving message from renderer: 0.100
[1584530918.717][SEVERE]: Timed out receiving message from renderer: 0.100
[1584530918.821][SEVERE]: Timed out receiving message from renderer: 0.100
[1584530918.924][SEVERE]: Timed out receiving message from renderer: 0.100
[1584530919.027][SEVERE]: Timed out receiving message from renderer: 0.100
[1584530919.130][SEVERE]: Timed out receiving message from renderer: 0.100
[1584530919.321][SEVERE]: Timed out receiving message from renderer: 0.100
[1584530919.423][SEVERE]: Timed out receiving message from renderer: 0.100
[1584530919.525][SEVERE]: Timed out receiving message from renderer: 0.100
[1584530919.626][SEVERE]: Timed out receiving message from renderer: 0.100
[1584530919.728][SEVERE]: Timed out receiving message from renderer: 0.100
[1584530919.831][SEVERE]: Timed out receiving message from renderer: 0.100
[1584530919.933][SEVERE]: Timed out receiving message from renderer: 0.100
[1584530920.035][SEVERE]: Timed out receiving message from renderer: 0.100
[1584530920.138][SEVERE]: Timed out receiving message from renderer: 0.100
[1584530920.241][SEVERE]: Timed out receiving message from renderer: 0.100
[1584530920.344][SEVERE]: Timed out receiving message from renderer: 0.100
[1584530920.445][SEVERE]: Timed out receiving message from renderer: 0.100
[1584530920.549][SEVERE]: Timed out receiving message from renderer: 0.100
[1584530920.651][SEVERE]: Timed out receiving message from renderer: 0.100
[1584530920.752][SEVERE]: Timed out receiving message from renderer: 0.100
[1584530920.855][SEVERE]: Timed out receiving message from renderer: 0.100
[1584530920.958][SEVERE]: Timed out receiving message from renderer: 0.100
[1584530921.060][SEVERE]: Timed out receiving message from renderer: 0.100
[1584530921.163][SEVERE]: Timed out receiving message from renderer: 0.100
[1584530921.266][SEVERE]: Timed out receiving message from renderer: 0.100
[1584530921.368][SEVERE]: Timed out receiving message from renderer: 0.100
[1584530921.471][SEVERE]: Timed out receiving message from renderer: 0.100
[1584530921.574][SEVERE]: Timed out receiving message from renderer: 0.100
[1584530921.676][SEVERE]: Timed out receiving message from renderer: 0.100
[1584530921.779][SEVERE]: Timed out receiving message from renderer: 0.100
[1584530921.880][SEVERE]: Timed out receiving message from renderer: 0.100
[1584530921.982][SEVERE]: Timed out receiving message from renderer: 0.100
[1584530922.085][SEVERE]: Timed out receiving message from renderer: 0.100
[1584530922.188][SEVERE]: Timed out receiving message from renderer: 0.100
[1584530922.292][SEVERE]: Timed out receiving message from renderer: 0.100
[1584530922.393][SEVERE]: Timed out receiving message from renderer: 0.100
[1584530922.496][SEVERE]: Timed out receiving message from renderer: 0.100
[1584530922.599][SEVERE]: Timed out receiving message from renderer: 0.100
[1584530922.702][SEVERE]: Timed out receiving message from renderer: 0.100
[1584530922.805][SEVERE]: Timed out receiving message from renderer: 0.100
[1584530922.907][SEVERE]: Timed out receiving message from renderer: 0.100
[1584530923.008][SEVERE]: Timed out receiving message from renderer: 0.100
[1584530923.109][SEVERE]: Timed out receiving message from renderer: 0.100
[1584530923.212][SEVERE]: Timed out receiving message from renderer: 0.100
[1584530923.316][SEVERE]: Timed out receiving message from renderer: 0.100
[1584530923.417][SEVERE]: Timed out receiving message from renderer: 0.100
[1584530923.520][SEVERE]: Timed out receiving message from renderer: 0.100
[1584530923.622][SEVERE]: Timed out receiving message from renderer: 0.100
[1584530923.725][SEVERE]: Timed out receiving message from renderer: 0.100
[1584530923.828][SEVERE]: Timed out receiving message from renderer: 0.100
[1584530923.932][SEVERE]: Timed out receiving message from renderer: 0.100
[1584530924.034][SEVERE]: Timed out receiving message from renderer: 0.100
[1584530924.135][SEVERE]: Timed out receiving message from renderer: 0.100
[1584530924.236][SEVERE]: Timed out receiving message from renderer: 0.100
[1584530924.338][SEVERE]: Timed out receiving message from renderer: 0.100
[1584530924.442][SEVERE]: Timed out receiving message from renderer: 0.100
[1584530924.545][SEVERE]: Timed out receiving message from renderer: 0.100
[1584530924.646][SEVERE]: Timed out receiving message from renderer: 0.100
[1584530924.749][SEVERE]: Timed out receiving message from renderer: 0.100
[1584530924.851][SEVERE]: Timed out receiving message from renderer: 0.100
[1584530924.954][SEVERE]: Timed out receiving message from renderer: 0.100
[1584530925.058][SEVERE]: Timed out receiving message from renderer: 0.100
[1584530925.160][SEVERE]: Timed out receiving message from renderer: 0.100
[1584530925.263][SEVERE]: Timed out receiving message from renderer: 0.100
[1584530925.365][SEVERE]: Timed out receiving message from renderer: 0.100
[1584530925.466][SEVERE]: Timed out receiving message from renderer: 0.100
[1584530925.569][SEVERE]: Timed out receiving message from renderer: 0.100
[1584530925.672][SEVERE]: Timed out receiving message from renderer: 0.100
[1584530925.775][SEVERE]: Timed out receiving message from renderer: 0.100
[1584530925.879][SEVERE]: Timed out receiving message from renderer: 0.100
[1584530925.982][SEVERE]: Timed out receiving message from renderer: 0.100
[1584530926.086][SEVERE]: Timed out receiving message from renderer: 0.100
[1584530926.188][SEVERE]: Timed out receiving message from renderer: 0.100
[1584530926.290][SEVERE]: Timed out receiving message from renderer: 0.100
[1584530926.392][SEVERE]: Timed out receiving message from renderer: 0.100
[1584530926.494][SEVERE]: Timed out receiving message from renderer: 0.100
[1584530926.595][SEVERE]: Timed out receiving message from renderer: 0.100
[1584530926.698][SEVERE]: Timed out receiving message from renderer: 0.100
[1584530926.801][SEVERE]: Timed out receiving message from renderer: 0.100
[1584530926.905][SEVERE]: Timed out receiving message from renderer: 0.100
[1584530927.008][SEVERE]: Timed out receiving message from renderer: 0.100
[1584530927.111][SEVERE]: Timed out receiving message from renderer: 0.100
[1584530927.216][SEVERE]: Timed out receiving message from renderer: 0.100
[1584530927.319][SEVERE]: Timed out receiving message from renderer: 0.100
[1584530927.422][SEVERE]: Timed out receiving message from renderer: 0.100
[1584530927.525][SEVERE]: Timed out receiving message from renderer: 0.100
[1584530927.626][SEVERE]: Timed out receiving message from renderer: 0.100
[1584530927.728][SEVERE]: Timed out receiving message from renderer: 0.100
[1584530927.829][SEVERE]: Timed out receiving message from renderer: 0.100
[1584530927.931][SEVERE]: Timed out receiving message from renderer: 0.100
[1584530928.034][SEVERE]: Timed out receiving message from renderer: 0.100
[1584530928.135][SEVERE]: Timed out receiving message from renderer: 0.100
[1584530928.237][SEVERE]: Timed out receiving message from renderer: 0.100
[1584530928.340][SEVERE]: Timed out receiving message from renderer: 0.100
[1584530928.444][SEVERE]: Timed out receiving message from renderer: 0.100
[1584530928.546][SEVERE]: Timed out receiving message from renderer: 0.100
[1584530928.649][SEVERE]: Timed out receiving message from renderer: 0.100
[1584530928.751][SEVERE]: Timed out receiving message from renderer: 0.100
[1584530928.852][SEVERE]: Timed out receiving message from renderer: 0.100
[1584530928.955][SEVERE]: Timed out receiving message from renderer: 0.100
[1584530929.058][SEVERE]: Timed out receiving message from renderer: 0.100
[1584530929.161][SEVERE]: Timed out receiving message from renderer: 0.100
[1584530929.263][SEVERE]: Timed out receiving message from renderer: 0.100
[1584530929.365][SEVERE]: Timed out receiving message from renderer: 0.100
[1584530929.467][SEVERE]: Timed out receiving message from renderer: 0.100
[1584530929.570][SEVERE]: Timed out receiving message from renderer: 0.100
[1584530929.673][SEVERE]: Timed out receiving message from renderer: 0.100
[1584530929.775][SEVERE]: Timed out receiving message from renderer: 0.100
[1584530929.878][SEVERE]: Timed out receiving message from renderer: 0.100
[1584530929.979][SEVERE]: Timed out receiving message from renderer: 0.100
[1584530930.081][SEVERE]: Timed out receiving message from renderer: 0.100
[1584530930.184][SEVERE]: Timed out receiving message from renderer: 0.100
[1584530930.287][SEVERE]: Timed out receiving message from renderer: 0.100
[1584530930.390][SEVERE]: Timed out receiving message from renderer: 0.100
[1584530930.493][SEVERE]: Timed out receiving message from renderer: 0.100
[1584530930.595][SEVERE]: Timed out receiving message from renderer: 0.100
[1584530930.698][SEVERE]: Timed out receiving message from renderer: 0.100
[1584530930.800][SEVERE]: Timed out receiving message from renderer: 0.100
[1584530930.901][SEVERE]: Timed out receiving message from renderer: 0.100
[1584530931.004][SEVERE]: Timed out receiving message from renderer: 0.100
[1584530931.105][SEVERE]: Timed out receiving message from renderer: 0.100
[1584530931.207][SEVERE]: Timed out receiving message from renderer: 0.100
[1584530931.309][SEVERE]: Timed out receiving message from renderer: 0.100
[1584530931.412][SEVERE]: Timed out receiving message from renderer: 0.100
[1584530931.516][SEVERE]: Timed out receiving message from renderer: 0.100
[1584530931.619][SEVERE]: Timed out receiving message from renderer: 0.100
[1584530931.722][SEVERE]: Timed out receiving message from renderer: 0.100
[1584530931.857][SEVERE]: Timed out receiving message from renderer: 0.100
[1584530931.962][SEVERE]: Timed out receiving message from renderer: 0.100
[1584530932.065][SEVERE]: Timed out receiving message from renderer: 0.100
[1584530932.319][SEVERE]: Timed out receiving message from renderer: 0.100
[1584530932.421][SEVERE]: Timed out receiving message from renderer: 0.100
[1584530932.604][SEVERE]: Timed out receiving message from renderer: 0.100
[1584530932.706][SEVERE]: Timed out receiving message from renderer: 0.100
[1584530932.809][SEVERE]: Timed out receiving message from renderer: 0.100
[1584530932.911][SEVERE]: Timed out receiving message from renderer: 0.100
[1584530933.012][SEVERE]: Timed out receiving message from renderer: 0.100
[1584530933.115][SEVERE]: Timed out receiving message from renderer: 0.100
[1584530933.218][SEVERE]: Timed out receiving message from renderer: 0.100
[1584530933.319][SEVERE]: Timed out receiving message from renderer: 0.100
]]></system-err>
  </testcase>
</testsuite>