<?xml version="1.0" encoding="UTF-8"?>
<!-- Generated by org.testng.reporters.JUnitReportReporter -->
<testsuite skipped="0" hostname="DESKTOP-QUFA5SU" name="com.qa.runner.TestRunner" tests="2" failures="0" timestamp="20 Mar 2020 10:10:10 GMT" time="249.791" errors="0">
  <testcase name="feature" time="125.077" classname="com.qa.runner.TestRunner"/>
  <testcase name="feature" time="124.714" classname="com.qa.runner.TestRunner"/>
</testsuite> <!-- com.qa.runner.TestRunner -->
